[debug] [2022-02-23T07:10:04.198Z] ----------------------------------------------------------------------
[debug] [2022-02-23T07:10:04.199Z] Command:       /opt/homebrew/Cellar/node/16.10.0/bin/node /opt/homebrew/bin/firebase init
[debug] [2022-02-23T07:10:04.199Z] CLI Version:   10.2.1
[debug] [2022-02-23T07:10:04.199Z] Platform:      darwin
[debug] [2022-02-23T07:10:04.199Z] Node Version:  v16.10.0
[debug] [2022-02-23T07:10:04.201Z] Time:          Wed Feb 23 2022 09:10:04 GMT+0200 (Eastern European Standard Time)
[debug] [2022-02-23T07:10:04.201Z] ----------------------------------------------------------------------
[debug] 
[debug] [2022-02-23T07:10:04.245Z] > command requires scopes: ["email","openid","https://www.googleapis.com/auth/cloudplatformprojects.readonly","https://www.googleapis.com/auth/firebase","https://www.googleapis.com/auth/cloud-platform"]
[debug] [2022-02-23T07:10:04.245Z] > authorizing via signed-in user (aarnioanniina@gmail.com)
[info] 
     ######## #### ########  ######## ########     ###     ######  ########
     ##        ##  ##     ## ##       ##     ##  ##   ##  ##       ##
     ######    ##  ########  ######   ########  #########  ######  ######
     ##        ##  ##    ##  ##       ##     ## ##     ##       ## ##
     ##       #### ##     ## ######## ########  ##     ##  ######  ########

You're about to initialize a Firebase project in this directory:

  /Users/anniinaaarnio/Desktop/it tasks/visma-login

Before we get started, keep in mind:

  * You are initializing within an existing Firebase project directory

